{
  "stats": {
    "suites": 1,
    "tests": 1,
    "passes": 0,
    "pending": 0,
    "failures": 1,
    "start": "2021-04-14T02:26:39.981Z",
    "end": "2021-04-14T02:26:40.396Z",
    "duration": 415,
    "testsRegistered": 1,
    "passPercent": 0,
    "pendingPercent": 0,
    "other": 0,
    "hasOther": false,
    "skipped": 0,
    "hasSkipped": false
  },
  "results": [
    {
      "uuid": "51b8c93a-4439-483c-b307-6e2af85cbb82",
      "title": "",
      "fullFile": "cypress/integration/add_service.js",
      "file": "cypress/integration/add_service.js",
      "beforeHooks": [],
      "afterHooks": [],
      "tests": [],
      "suites": [
        {
          "uuid": "47f83376-8281-4d35-901b-695c34234e62",
          "title": "Service Registry API",
          "fullFile": "",
          "file": "",
          "beforeHooks": [],
          "afterHooks": [],
          "tests": [
            {
              "title": "Add a new service to registry",
              "fullTitle": "Service Registry API Add a new service to registry",
              "timedOut": null,
              "duration": 344,
              "state": "failed",
              "speed": null,
              "pass": false,
              "fail": true,
              "pending": false,
              "context": null,
              "code": "var item = {\n  \"name\": \"Authorize.net Direct payment - Test\",\n  \"url\": \"http://192.168.15.4\",\n  \"endpoints\": [\"/authorizenet/direct\"],\n  \"authorized_roles\": [\"admin\", \"staff\", \"customer\"]\n};\nadd(item);\n_assert[\"default\"].equal(0, 0);\n/* cy.request(`/services/${randomId}`)\n  .its('body')\n  .should('deep.eq', item)*/",
              "err": {
                "message": "CypressError: `cy.request()` must be provided a fully qualified `url` - one that begins with `http`. By default `cy.request()` will use either the current window's origin or the `baseUrl` in `/Users/admin/apps/servicer/cypress.json`. Neither of those values were present.\n\nhttps://on.cypress.io/request",
                "estack": "CypressError: `cy.request()` must be provided a fully qualified `url` - one that begins with `http`. By default `cy.request()` will use either the current window's origin or the `baseUrl` in `/Users/admin/apps/servicer/cypress.json`. Neither of those values were present.\n\nhttps://on.cypress.io/request\n    at Context.request (http://localhost:57532/__cypress/runner/cypress_runner.js:160171:19)\nFrom Your Spec Code:\n    at add (http://localhost:57532/__cypress/tests?p=cypress/integration/add_service.js:1753:15)\n    at Context.eval (http://localhost:57532/__cypress/tests?p=cypress/integration/add_service.js:1797:5)",
                "diff": null
              },
              "uuid": "a6e9ce08-7266-4c28-99ba-273e6d68bd21",
              "parentUUID": "47f83376-8281-4d35-901b-695c34234e62",
              "isHook": false,
              "skipped": false
            }
          ],
          "suites": [],
          "passes": [],
          "failures": [
            "a6e9ce08-7266-4c28-99ba-273e6d68bd21"
          ],
          "pending": [],
          "skipped": [],
          "duration": 344,
          "root": false,
          "rootEmpty": false,
          "_timeout": 2000
        }
      ],
      "passes": [],
      "failures": [],
      "pending": [],
      "skipped": [],
      "duration": 0,
      "root": true,
      "rootEmpty": true,
      "_timeout": 2000
    }
  ],
  "meta": {
    "mocha": {
      "version": "7.0.1"
    },
    "mochawesome": {
      "options": {
        "quiet": false,
        "reportFilename": "mochawesome",
        "saveHtml": false,
        "saveJson": true,
        "consoleReporter": "spec",
        "useInlineDiffs": false,
        "code": true
      },
      "version": "6.2.2"
    },
    "marge": {
      "options": {
        "reportDir": "docs/reports/unit-testing",
        "overwrite": false,
        "reportTitle": "My Custom Title",
        "showPassed": true,
        "html": false,
        "json": true
      },
      "version": "5.2.0"
    }
  }
}